DEPRECATION WARNING: config.action_view.debug_rjs will be removed in 3.1, from 3.1 onwards you will need to install prototype-rails to continue to use RJS templates . (called from service at /usr/local/lib/ruby/1.8/webrick/httpserver.rb:104)


Started GET "/rails/info/properties" for 127.0.0.1 at Sat Jan 07 10:03:06 -0800 2012

Mysql2::Error (Unknown database 'ruasdefogo_development'):
  

Rendered /usr/local/lib/ruby/gems/1.8/gems/actionpack-3.0.9/lib/action_dispatch/middleware/templates/rescues/_trace.erb (4.8ms)
Rendered /usr/local/lib/ruby/gems/1.8/gems/actionpack-3.0.9/lib/action_dispatch/middleware/templates/rescues/_request_and_response.erb (18.6ms)
Rendered /usr/local/lib/ruby/gems/1.8/gems/actionpack-3.0.9/lib/action_dispatch/middleware/templates/rescues/diagnostics.erb within rescues/layout (46.7ms)
  [1m[36mSQL (10.8ms)[0m  [1mSHOW TABLES[0m
  [1m[35mSQL (87.6ms)[0m  CREATE TABLE `schema_migrations` (`version` varchar(255) NOT NULL) ENGINE=InnoDB
  [1m[36mSQL (1.0ms)[0m  [1mSHOW KEYS FROM `schema_migrations`[0m
  [1m[35mSQL (50.0ms)[0m  CREATE UNIQUE INDEX `unique_schema_migrations` ON `schema_migrations` (`version`)
  [1m[36mSQL (4.5ms)[0m  [1mSHOW TABLES[0m
  [1m[35mSQL (1.0ms)[0m  SHOW TABLES
  [1m[36mSQL (0.8ms)[0m  [1mSHOW TABLES[0m
  [1m[35mSQL (1.7ms)[0m  SELECT `schema_migrations`.`version` FROM `schema_migrations`
  [1m[36mSQL (1.0ms)[0m  [1mSHOW TABLES[0m
DEPRECATION WARNING: config.action_view.debug_rjs will be removed in 3.1, from 3.1 onwards you will need to install prototype-rails to continue to use RJS templates . (called from service at /usr/local/lib/ruby/1.8/webrick/httpserver.rb:104)


Started GET "/rails/info/properties" for 127.0.0.1 at Sat Jan 07 10:04:48 -0800 2012
  Processing by Rails::InfoController#properties as HTML
  [1m[36mSQL (2.0ms)[0m  [1mSHOW TABLES[0m
  [1m[35mSQL (1.1ms)[0m  SHOW TABLES
  [1m[36mSQL (0.6ms)[0m  [1mSELECT `schema_migrations`.`version` FROM `schema_migrations`[0m
Rendered inline template (1.4ms)
Completed 200 OK in 324ms (Views: 5.5ms | ActiveRecord: 3.7ms)
DEPRECATION WARNING: config.action_view.debug_rjs will be removed in 3.1, from 3.1 onwards you will need to install prototype-rails to continue to use RJS templates . (called from service at /usr/local/lib/ruby/1.8/webrick/httpserver.rb:104)
DEPRECATION WARNING: config.action_view.debug_rjs will be removed in 3.1, from 3.1 onwards you will need to install prototype-rails to continue to use RJS templates . (called from service at /usr/local/lib/ruby/1.8/webrick/httpserver.rb:104)


Started GET "/" for 127.0.0.1 at Sat Jan 07 10:15:00 -0800 2012
  Processing by PagesController#home as HTML
Rendered pages/home.html.erb within layouts/application (28.6ms)
Completed 200 OK in 48ms (Views: 46.3ms | ActiveRecord: 0.0ms)
